#############  G4DS Log File  #############

------------------------------------------
                   G4DS                   

     The Dark Side Geant4 Simulator        
------------------------------------------


------------------------------------------
                   Input                  
------------------------------------------

##########################################################
#                                                        #
#            DS20K Neutron Bg Simulation                 #
#                                                        #
##########################################################


#PreInit:

#  Define the level of verbosity of messages
# options: debugging, development, trace, routine, warning, error
# default: routine
/ds/manager/log routine
/ds/manager/verbosity 1
/ds/manager/checkoverlap 0
/ds/manager/eventcounter 500
/ds/manager/writephotons 0
/ds/manager/writedeposits 1
/ds/manager/writedaughters 0

# the following command replace TMB_fraction and applies to all the scintillators. As a reference, the following table (scales~linearly):
#                        mass_fraction   mean_capture_time 
#BoronScintillator             0.2            5 us 
#GdScintillator             0.0014           35 us
#Li6Scintillator           7.33e-3           40 us
#OrtoCarbonScintillator      0.085            3 us
#/ds/manager/scint_mass_fraction 0.2

#  Detector configuration: 
#  DS50  TPC+NV+WT (0) - DS50 TPC+NW (1) - DS50 TPC (2) - DS50 NV+WT (3) 
#  LAr Tester (4) -  DS10 TPC (5) -  Scintillator tester (6)
#  DSG2 TPC + NV + WT (7) - DSG3 TPC + NV (8) - DS5k TPC (9)
#  DS20k TPC + WT (10)


/ds/detector/configuration 10

/ds/detector/wt_material Water
/ds/detector/wt_radius  7 m 
/ds/detector/wt_height  12 m 

#to build the spherical LSV 
/ds/detector/ds20lsv_detector 1 
/ds/detector/ds20lsv_diameter 8 m 
#scintillator options: GdSCintillator Li6Scintillator OrtoCarbonScintillator BoronScintillator
/ds/detector/scintillator GdScintillator

#to put an acrylic spherical vessel and separate LSV in scintillator + buffer 
/ds/detector/ds20acrylicVessel_diameter 6 m 

/ds/detector/ExtLarScintillating 0
/ds/detector/vetoyieldfactor 0.0

# Define output file name
/run/filename lsvDS20kLarAttempt

# Define  random seed
/run/heprandomseed 127667

#Define the hadronic physics list (none QGSP_BERT_HP QGSP_BIC_HP FTF_BIC_HP FTFP_BERT_HP)
/ds/physics/hadronic_list HP

#Define the EM physics list (standard livermore)
/ds/physics/em_list livermore

/ds/physics/optics 3

/ds/physics/tuned200V   1
/ds/physics/killS1S2 1


#-----------------------------------
/run/initialize
#-----------------------------------

#PostInit:


/ds/generator/select G4Gun

/ds/generator/particle  neutron
#/ds/generator/energy  0.1 eV


#/ds/generator/bgd_reflector 1
#/ds/generator/bgd_windows 
#/ds/generator/bgd_pmt_photocathode
#/ds/generator/liquidargon
#/ds/generator/bgd_cryostats 1
#/ds/generator/bgd_sipm 1
#/ds/generator/bgd_pmt_stem 1
#/ds/generator/bgd_rings 1
#/ds/generator/bgd_grid 1
#/ds/generator/gaspocketdistribution
#/ds/generator/tpcdistribution 1
#/ds/generator/veto_pmts 1
#/ds/generator/veto_sphere 1
/ds/generator/liquidscintillator 1



/ds/generator/energyfile  ../data/physics/U238Teflon.dat
#/ds/generator/energyfile ../data/physics/U238BoroSilicate.dat
#/ds/generator/energyfile ../data/physics/Th232Teflon.dat
#/ds/generator/energyfile ../data/physics/Th232StainlessSteel.dat
#/ds/generator/energyfile ../data/physics/Th232FusedSilica.dat
#/ds/generator/energyfile ../data/physics/Th232BoroSilicate.dat
#/ds/generator/energyfile ../data/physics/U238U235Th232StainlessSteel.dat
#/ds/generator/energyfile ../data/physics/U238Teflon.dat
#/ds/generator/energyfile ../data/physics/U238StainlessSteel.dat
#/ds/generator/energyfile ../data/physics/U238FusedSilica.dat



# Define the number of events
/run/beamOn 500







------------------------------------------
                   Output                 
------------------------------------------

Routine:src/DSDetectorConstruction.cc(88):Thu Oct 31 12:21:30 2019

Routine:src/DSManagerMessenger.cc(139): Trace Verbosity: 1
Routine:src/DSManagerMessenger.cc(103): Check Volume Overlaps: 0
Routine:src/DSManagerMessenger.cc(130): Event Counter: 500
Routine:src/DSManagerMessenger.cc(115): Write photons: 0
Routine:src/DSManagerMessenger.cc(118): Write deposits: 1
Routine:src/DSManagerMessenger.cc(124): Write daughters: 0
Routine:src/DSDetectorConstructionMessenger.cc(289):Detector Configuration: 10
Routine:src/DSDetectorConstructionMessenger.cc(307):Choosen Material inside CTF: Water
Routine:src/DSDetectorConstructionMessenger.cc(407):Water Tank (CTF) Radius : 7 m
Routine:src/DSDetectorConstructionMessenger.cc(410):Water Tank (CTF) Height : 12 m
Routine:src/DSDetectorConstructionMessenger.cc(413):DS20k - LSV sphere built : 1
Routine:src/DSDetectorConstructionMessenger.cc(380):DS20k - LSV sphere diameter: 8 m
Routine:src/DSDetectorConstructionMessenger.cc(293):Choosen Scintillator: GdScintillator
Routine:src/DSDetectorConstructionMessenger.cc(303):GdScintillator with 0.1 mass fraction
Routine:src/DSDetectorConstructionMessenger.cc(304):...you can specify a new concentration with /ds/manager/scint_mass_fraction command 
Routine:src/DSDetectorConstructionMessenger.cc(383):DS20k - Acrylic Vessel diameter: 6 m
Routine:src/DSDetectorConstructionMessenger.cc(320):External Liquid Argon Scintillation: 0
Routine:src/DSDetectorConstructionMessenger.cc(326):Veto Yield Factor: 0.0
Routine:src/DSPhysicsListMessenger.cc(118): Hadronic List: HP
Routine:src/DSPhysicsListMessenger.cc(123): EM List: livermore
Routine:src/DSPhysicsListMessenger.cc(132): Optical Processes: 3
Routine:src/DSPhysicsListMessenger.cc(184): Tuned S1 and S2 at 200 V/cm: 1
Routine:src/DSPhysicsListMessenger.cc(138): Kill S1 and S2 Light: 1

########## Detector Geometry ###########
#-----------------------------#
# Dark Side Geometry  [mm]    #
#-----------------------------#


WorldSizeX = 20000.
WorldSizeY = 20000.
WorldSizeZ = 20000.

DSTankHeight = 12000.
DSTankRMax = 7000.

# Stainless Steel Sphere
SSSRadius = 2000.

# Cryostats
CryostatShiftZ = 368.5

TrunkShiftZ = 170.
TrunkDiameter = 38.1
TrunkThickness = 2.
TrunkTopBottomOffsetZ = 150.
TrunkTopBottomOffsetX = -38.1
TrunkBottomHeight = 600.
TrunkMiddleHeight = 203.2
TrunkDistToCryostatAxis = 228.6


# TPC
TPCShiftZ = -28.6

TeflonSupportDiameter = 469.9
TeflonSupportThickness = 19.05
TeflonSupportHeight = 386.08

PMTAssemblyHeight = 142.24
TeflonCapDiameter = 469.9
TeflonCapHeight = 70.61

LArBottomLayerThickness = 0.8
CathodeWindowDiameter = 424.18
CathodeWindowHeight = 6.35
ITOThickness = 0.000015

ReflectorInnerDiameter = 355.6
ReflectorOuterDiameter = 406.4
ReflectorHeight = 355.7
AboveGridInnerDiameter = 358.9
AboveGridOuterDiameter = 400.05
AboveGridHeight = 15.03
GasPocketThickness = 9.37
TPBThickness = 0.1

DivingBellHeight = 18.42
DivingBellTopHeight = 3.18
DivingBellOuterDiameter = 424.18
DivingBellInnerDiameter = 416.56

FieldRingsHeight = 342.9
FieldRingsThickness = 4.167


# TPC PMTs
PMTBodyDiameter = 50.29              
PMTBodyHeight = 122.43                  
PMTHeadDiameter = 76.2                  
PMTHeadHeight = 35.04                  
PMTWallThickness = 0.55                       
PMTWindowThickness = 3.5866
PMTSpacing = 82.55
PMTOffset  = 1
Routine:src/DSIO.cc(165):Geometry Input File Closed
Routine:src/DSIO.cc(298):Cryostat Profile Input File Closed
Routine:src/DSParameters.cc(213):Reading LSV PMT Geometry from file: 

########## Veto PMT Positions ###########
Routine:src/DSParameters.cc(234):Reading LSV PMT Geometry for DS-20k 
0, pmt 0	theta = 0.349689	phi = 0
1, pmt 1	theta = 0.349689	phi = 1.04667
2, pmt 2	theta = 0.349689	phi = 2.09333
3, pmt 3	theta = 0.349689	phi = 3.14
4, pmt 4	theta = 0.349689	phi = 4.18667
5, pmt 5	theta = 0.349689	phi = 5.23333
6, pmt 6	theta = 0.698578	phi = 0
7, pmt 7	theta = 0.698578	phi = 0.418667
8, pmt 8	theta = 0.698578	phi = 0.837333
9, pmt 9	theta = 0.698578	phi = 1.256
10, pmt 10	theta = 0.698578	phi = 1.67467
11, pmt 11	theta = 0.698578	phi = 2.09333
12, pmt 12	theta = 0.698578	phi = 2.512
13, pmt 13	theta = 0.698578	phi = 2.93067
14, pmt 14	theta = 0.698578	phi = 3.34933
15, pmt 15	theta = 0.698578	phi = 3.768
16, pmt 16	theta = 0.698578	phi = 4.18667
17, pmt 17	theta = 0.698578	phi = 4.60533
18, pmt 18	theta = 0.698578	phi = 5.024
19, pmt 19	theta = 0.698578	phi = 5.44267
20, pmt 20	theta = 0.698578	phi = 5.86133
21, pmt 21	theta = 1.04747	phi = 0
22, pmt 22	theta = 1.04747	phi = 0.299048
23, pmt 23	theta = 1.04747	phi = 0.598095
24, pmt 24	theta = 1.04747	phi = 0.897143
25, pmt 25	theta = 1.04747	phi = 1.19619
26, pmt 26	theta = 1.04747	phi = 1.49524
27, pmt 27	theta = 1.04747	phi = 1.79429
28, pmt 28	theta = 1.04747	phi = 2.09333
29, pmt 29	theta = 1.04747	phi = 2.39238
30, pmt 30	theta = 1.04747	phi = 2.69143
31, pmt 31	theta = 1.04747	phi = 2.99048
32, pmt 32	theta = 1.04747	phi = 3.28952
33, pmt 33	theta = 1.04747	phi = 3.58857
34, pmt 34	theta = 1.04747	phi = 3.88762
35, pmt 35	theta = 1.04747	phi = 4.18667
36, pmt 36	theta = 1.04747	phi = 4.48571
37, pmt 37	theta = 1.04747	phi = 4.78476
38, pmt 38	theta = 1.04747	phi = 5.08381
39, pmt 39	theta = 1.04747	phi = 5.38286
40, pmt 40	theta = 1.04747	phi = 5.6819
41, pmt 41	theta = 1.04747	phi = 5.98095
42, pmt 42	theta = 1.39636	phi = 0
43, pmt 43	theta = 1.39636	phi = 0.273043
44, pmt 44	theta = 1.39636	phi = 0.546087
45, pmt 45	theta = 1.39636	phi = 0.81913
46, pmt 46	theta = 1.39636	phi = 1.09217
47, pmt 47	theta = 1.39636	phi = 1.36522
48, pmt 48	theta = 1.39636	phi = 1.63826
49, pmt 49	theta = 1.39636	phi = 1.9113
50, pmt 50	theta = 1.39636	phi = 2.18435
51, pmt 51	theta = 1.39636	phi = 2.45739
52, pmt 52	theta = 1.39636	phi = 2.73043
53, pmt 53	theta = 1.39636	phi = 3.00348
54, pmt 54	theta = 1.39636	phi = 3.27652
55, pmt 55	theta = 1.39636	phi = 3.54957
56, pmt 56	theta = 1.39636	phi = 3.82261
57, pmt 57	theta = 1.39636	phi = 4.09565
58, pmt 58	theta = 1.39636	phi = 4.3687
59, pmt 59	theta = 1.39636	phi = 4.64174
60, pmt 60	theta = 1.39636	phi = 4.91478
61, pmt 61	theta = 1.39636	phi = 5.18783
62, pmt 62	theta = 1.39636	phi = 5.46087
63, pmt 63	theta = 1.39636	phi = 5.73391
64, pmt 64	theta = 1.39636	phi = 6.00696
65, pmt 65	theta = 1.74524	phi = 0
66, pmt 66	theta = 1.74524	phi = 0.273043
67, pmt 67	theta = 1.74524	phi = 0.546087
68, pmt 68	theta = 1.74524	phi = 0.81913
69, pmt 69	theta = 1.74524	phi = 1.09217
70, pmt 70	theta = 1.74524	phi = 1.36522
71, pmt 71	theta = 1.74524	phi = 1.63826
72, pmt 72	theta = 1.74524	phi = 1.9113
73, pmt 73	theta = 1.74524	phi = 2.18435
74, pmt 74	theta = 1.74524	phi = 2.45739
75, pmt 75	theta = 1.74524	phi = 2.73043
76, pmt 76	theta = 1.74524	phi = 3.00348
77, pmt 77	theta = 1.74524	phi = 3.27652
78, pmt 78	theta = 1.74524	phi = 3.54957
79, pmt 79	theta = 1.74524	phi = 3.82261
80, pmt 80	theta = 1.74524	phi = 4.09565
81, pmt 81	theta = 1.74524	phi = 4.3687
82, pmt 82	theta = 1.74524	phi = 4.64174
83, pmt 83	theta = 1.74524	phi = 4.91478
84, pmt 84	theta = 1.74524	phi = 5.18783
85, pmt 85	theta = 1.74524	phi = 5.46087
86, pmt 86	theta = 1.74524	phi = 5.73391
87, pmt 87	theta = 1.74524	phi = 6.00696
88, pmt 88	theta = 2.00691	phi = 0
89, pmt 89	theta = 2.00691	phi = 0.299048
90, pmt 90	theta = 2.00691	phi = 0.598095
91, pmt 91	theta = 2.00691	phi = 0.897143
92, pmt 92	theta = 2.00691	phi = 1.19619
93, pmt 93	theta = 2.00691	phi = 1.49524
94, pmt 94	theta = 2.00691	phi = 1.79429
95, pmt 95	theta = 2.00691	phi = 2.09333
96, pmt 96	theta = 2.00691	phi = 2.39238
97, pmt 97	theta = 2.00691	phi = 2.69143
98, pmt 98	theta = 2.00691	phi = 2.99048
99, pmt 99	theta = 2.00691	phi = 3.28952
100, pmt 100	theta = 2.00691	phi = 3.58857
101, pmt 101	theta = 2.00691	phi = 3.88762
102, pmt 102	theta = 2.00691	phi = 4.18667
103, pmt 103	theta = 2.00691	phi = 4.48571
104, pmt 104	theta = 2.00691	phi = 4.78476
105, pmt 105	theta = 2.00691	phi = 5.08381
106, pmt 106	theta = 2.00691	phi = 5.38286
107, pmt 107	theta = 2.00691	phi = 5.6819
108, pmt 108	theta = 2.00691	phi = 5.98095
109, pmt 109	theta = 2.44302	phi = 0
110, pmt 110	theta = 2.44302	phi = 0.418667
111, pmt 111	theta = 2.44302	phi = 0.837333
112, pmt 112	theta = 2.44302	phi = 1.256
113, pmt 113	theta = 2.44302	phi = 1.67467
114, pmt 114	theta = 2.44302	phi = 2.09333
115, pmt 115	theta = 2.44302	phi = 2.512
116, pmt 116	theta = 2.44302	phi = 2.93067
117, pmt 117	theta = 2.44302	phi = 3.34933
118, pmt 118	theta = 2.44302	phi = 3.768
119, pmt 119	theta = 2.44302	phi = 4.18667
120, pmt 120	theta = 2.44302	phi = 4.60533
121, pmt 121	theta = 2.44302	phi = 5.024
122, pmt 122	theta = 2.44302	phi = 5.44267
123, pmt 123	theta = 2.44302	phi = 5.86133
124, pmt 124	theta = 2.79191	phi = 0
125, pmt 125	theta = 2.79191	phi = 1.04667
126, pmt 126	theta = 2.79191	phi = 2.09333
127, pmt 127	theta = 2.79191	phi = 3.14
128, pmt 128	theta = 2.79191	phi = 4.18667
129, pmt 129	theta = 2.79191	phi = 5.23333
Routine:src/DSIO.cc(274):Veto PMT Geometry Input File Closed
########## LSV Optics  ###########
# ----------------------------#
# DS LSV Optics               #
#-----------------------------#

# LS scintillation yield (in units /MeV) is untuned.
ScintillationYield	= 18500

# LS Birks factors (in units cm/MeV) from Borexino PRD (2014)
BirksBeta		= 0.0109
BirksAlpha		= 0.0218
BirksProton		= 0.0109

# LS Resolution Scale set to 1 (Gaussian with sigma = sqrt)
ResolutionScale		= 1.0

# Scintillation times (in ns) and weight from Borexino
# used if /ds/physics/LSoptics 2 in the mac file
BetaScintTime1		= 3.7
BetaScintTime2		= 24
BetaScintTime3		= 60
BetaScintTime4		= 600
BetaScintWeight1	= 0.889
BetaScintWeight2	= 0.055
BetaScintWeight3	= 0.027
BetaScintWeight4	= 0.029
AlphaScintTime1		= 3.9
AlphaScintTime2		= 26.
AlphaScintTime3		= 110.
AlphaScintTime4		= 630.
AlphaScintWeight1	= 0.674 
AlphaScintWeight2	= 0.146
AlphaScintWeight3	= 0.103
AlphaScintWeight4	= 0.077

# LS Fast and Slow time constant (in ns) from Borexino
# used if /ds/physics/LSoptics 1 in the mac file
FastTime		= 2.0
SlowTime		= 17.61
# LS Yield Ratio: ratio between Fast and Slow scintillation from Borexino
# used if /ds/physics/LSoptics 1 in the mac file
YieldRatio		= 0.93

# LS WLS (PPO) time constant (in ns) and efficiency from Borexino
WLSTime			= 1.8
WLSEfficiency		= 0.8

# Lumirror
LumirrorEff 		= 0.
LumirrorSpecLobe 	= 0.
LumirrorSpecSpike 	= 0.
LumirrorBackscat 	= 0.
LumirrorRindex 		= 1.

# Electropolished Stainless Steel (TPC outer cryostat surface)
EpssRefl 		= 0.58
EpssEff 		= 0.
EpssSpecLobe 		= 0.65
EpssSpecSpike 		= 0.
EpssBackscat 		= 0.
EpssRindex 		= 1.

# PhotoCathode
#CathodeRefl 		= 0.2
VCathodeRefl 		= 0.1
VCathodeEff 		= 0.
VCathodeSpecLobe 	= 1.
VCathodeSpecSpike 	= 0.
VCathodeBackscat 	= 0.
VCathodeRindex 		= 1.

# PMT Back
PMTBackRefl 		= 0.78
PMTBackEff 		= 0.
PMTBackSpecLobe 	= 1.
PMTBackSpecSpike 	= 0.0
PMTBackBackscat 	= 0.
PMTBackRindex 		= 1.

# Untreated Stainless Steel (flange surface)
UnssRefl 		= 0.48
UnssEff 		= 0.
UnssSpecLobe 		= 0.65
UnssSpecSpike 		= 0.0
UnssBackscat 		= 0.
UnssRindex 		= 1.
Routine:src/DSIO.cc(210):LSV Optics Input File Closed
Routine:src/DSIO.cc(351):PC Attenuation Length Input File Closed
Routine:src/DSIO.cc(372):PPO Attenuation Length Input File Closed
Routine:src/DSIO.cc(393):TMB Attenuation Length Input File Closed
Routine:src/DSIO.cc(329):PC Refraction Index Input File Closed
Routine:src/DSIO.cc(415):Lumirror Reflectivity Input File Closed
Routine:src/DSIO.cc(436):DS50 Veto PMT Quantum Efficiency Input File Closed
Routine:src/DSParameters.cc(835):LSV Optics Properties loaded

########## Detector Optics Tuning ###########
  
# -----------------------------#
# Dark Side Optics            #
#-----------------------------#
#  
# UV flag: wavelength < 150 nm
# Vis flag: wavelength > 150 nm
#
#-----------------------------#
# Refraction Indexes

#factor w/r to LArRindex (!= 1. only if WithNewGridModel is 0)
GridSteelRindScale    = 1.

#absolute
PhotocathodeUVRind    = 2.
PhotocathodeVisRind   = 4.9
FusedSilicaUVRind     = 1.47
FusedSilicaVisRind    = 1.47
TPBUVRind             = 1.47
TPBVisRind            = 1.22
GArRindexScale        = 1.074
PArRind               = 1.27

#-----------------------------#
# Absorption Lengths   [m]

GaseousArgonUVAbs    = 100.
GaseousArgonVisAbs   = 100.
LiquidArgonUVAbs     = 100.
LiquidArgonVisAbs    = 100.
# myGrid_h/2 = 0.00005 m
GridSteelUVAbs       = 1000.  # PDM: Made longer -- abs len not used.
GridSteelVisAbs      = 1000.  # PDM: Made longer -- abs len not used.
FusedSilicaUVAbs     = 0.0000001
FusedSilicaVisAbs    = 100.
TPBUVAbs             = 1000
TPBVisAbs            = 1000.

#-----------------------------#
# Other WLS Properties

WLSAbsorptionFactor   = 0.04
#the above parameter is different from std TPB absrption length
WLSMeanNumberPhotons  = 1.
WLSTimeConstant_ns    = 1.5
WLSEfficiency         = 1.

#-----------------------------#
# Rayligh scattering scaling factors

LArRayleighScale      = 0.8

#-----------------------------#
# Rayligh scattering length [m]

FSilicaRaylVisLength  = 100.
FSilicaRaylUVLength   = 1.

#-----------------------------#
# Placements (booleans)

WithITO               = 1
WithGasPocket         = 1
WithNewGridModel      = 1
WithDefect            = 0 # CZ: Add TPB defect.
WithSaggingModel      = 0 # CZ: When it is set to 1, use the model. Otherwise, use the parameters in s2_radial_correction.dat (may double count geometrical effect).
GridNormalTransparency = 0.9506 # Actual grid transparency at normal incidence

#-----------------------------#
# Surfaces (parameters)
# Ref = Geant4 reflectivity is actually (1 - absorption)
# transittance and reflection are then driven by RINDEXs

LArGridUVRef        = .1  # PDM: Grid steel, extrapolated from meas @>250 nm
LArGridVisRef       = 0.5  # PDM: Grid steel, measured @ Princeton by G. Koh.  PDM X-26
TeflonTPBUVRef      = .075
TeflonTPBVisRef     = 0.98
PMTLArUVRef         = .2
PMTLArVisRef        = .2
TeflonLArUVRef      = .075
TeflonLArVisRef     = .98
ArTPBVisTran        = 0.6

Routine:src/DSIO.cc(188):Optics Input File Closed
Routine:src/DSMaterial.cc(1587):PC: 0
Routine:src/DSMaterial.cc(1587):TMB: 1
Routine:src/DSMaterial.cc(1587):BoronScintillator: 2
Routine:src/DSMaterial.cc(1587):Air: 3
Routine:src/DSMaterial.cc(1587):Vacuum: 4
Routine:src/DSMaterial.cc(1587):PPO: 5
Routine:src/DSMaterial.cc(1587):DMP: 6
Routine:src/DSMaterial.cc(1587):Acrylic: 7
Routine:src/DSMaterial.cc(1587):LiquidArgon: 8
Routine:src/DSMaterial.cc(1587):PseudoArgon: 9
Routine:src/DSMaterial.cc(1587):NSLiquidArgon: 10
Routine:src/DSMaterial.cc(1587):GaseousArgon: 11
Routine:src/DSMaterial.cc(1587):LiquidXenon: 12
Routine:src/DSMaterial.cc(1587):GaseousXenon: 13
Routine:src/DSMaterial.cc(1587):Steel: 14
Routine:src/DSMaterial.cc(1587):StainlessSteel: 15
Routine:src/DSMaterial.cc(1587):GridSteel: 16
Routine:src/DSMaterial.cc(1587):Water: 17
Routine:src/DSMaterial.cc(1587):MetalLead: 18
Routine:src/DSMaterial.cc(1587):Teflon: 19
Routine:src/DSMaterial.cc(1587):Rock: 20
Routine:src/DSMaterial.cc(1587):Norite: 21
Routine:src/DSMaterial.cc(1587):HDPE: 22
Routine:src/DSMaterial.cc(1587):Styrofoam: 23
Routine:src/DSMaterial.cc(1587):MetalCopper: 24
Routine:src/DSMaterial.cc(1587):MetalCopperCryo: 25
Routine:src/DSMaterial.cc(1587):MetalTitanium: 26
Routine:src/DSMaterial.cc(1587):ShipSteel: 27
Routine:src/DSMaterial.cc(1587):TPB: 28
Routine:src/DSMaterial.cc(1587):ThreeMFoil: 29
Routine:src/DSMaterial.cc(1587):FusedSilica: 30
Routine:src/DSMaterial.cc(1587):SodiumIodide: 31
Routine:src/DSMaterial.cc(1587):ITO: 32
Routine:src/DSMaterial.cc(1587):LiquidNitrogen: 33
Routine:src/DSMaterial.cc(1587):GaseousNitrogen: 34
Routine:src/DSMaterial.cc(1587):Kovar: 35
Routine:src/DSMaterial.cc(1587):Bialkali: 36
Routine:src/DSMaterial.cc(1587):Kapton: 37
Routine:src/DSMaterial.cc(1587):Concrete: 38
Routine:src/DSMaterial.cc(1587):Aluminum: 39
Routine:src/DSMaterial.cc(1587):Glass: 40
Routine:src/DSMaterial.cc(1587):Nylon: 41
Routine:src/DSMaterial.cc(1587):NylonL: 42
Routine:src/DSMaterial.cc(1587):Bialkali: 43
Routine:src/DSMaterial.cc(1587):Paint: 44
Routine:src/DSMaterial.cc(1587):BorexScintillator: 45
Routine:src/DSMaterial.cc(1587):BorexScintillator1: 46
Routine:src/DSMaterial.cc(1587):BorexScintillator2: 47
Routine:src/DSMaterial.cc(1587):DMPbuffer: 48
Routine:src/DSMaterial.cc(1587):Quartz: 49
Routine:src/DSMaterial.cc(1587):Beryllium: 50
Routine:src/DSMaterial.cc(1587):Derlin: 51
Routine:src/DSMaterial.cc(1587):BlackHole: 52
Routine:src/DSMaterial.cc(1587):fGdOxide: 53
Routine:src/DSMaterial.cc(1587):GdScintillator: 54
Routine:src/DSMaterial.cc(1587):GdWater: 55
Routine:src/DSMaterial.cc(1587):MetalSilicon: 56
Routine:src/DSMaterial.cc(1587):BoroSilicateGlass: 57
Routine:src/DSMaterial.cc(1587):FakePhotocathode: 58
Routine:src/DSMaterial.cc(1587):ClLi: 59
Routine:src/DSMaterial.cc(1587):NatClLi: 60
Routine:src/DSMaterial.cc(1587):OrtoCarb: 61
Routine:src/DSMaterial.cc(1587):Li6Scintillator: 62
Routine:src/DSMaterial.cc(1587):NatLi6Scintillator: 63
Routine:src/DSMaterial.cc(1587):OrtoCarbScintillator: 64
Routine:src/DSMaterial.cc(1587):GdAcrylic: 65
Routine:src/DSMaterial.cc(1587):VetoLiquidArgon2: 66
Routine:src/DSMaterial.cc(1587):Naphthalene: 67
Routine:src/DSMaterial.cc(1587):Altustipe: 68
Routine:src/DSMaterial.cc(1587):BC454: 69
Routine:src/DSMaterial.cc(1587):PlyWood: 70
Routine:src/DSMaterial.cc(1587):InsulatingFoam: 71
Routine:src/DSMaterial.cc(1587):VetoLiquidArgon1: 72
Routine:src/DSMaterial.cc(1587):AcrylicDART: 73
Routine:src/DSMaterial.cc(1587):VetoPScint: 74
Routine:src/DSMaterial.cc(1587):Methane: 75
Routine:src/DSMaterial.cc(1587):VetoMixture: 76
Routine:src/DSMaterial.cc(1587):XeLiquidArgon: 77
Routine:src/DSMaterial.cc(1587):Invar: 78
Routine:src/DSMaterial.cc(1587):Arlon: 79
Routine:src/DSDetectorConstruction.cc(211): Detector Configuration - DS20k: 10
Routine:src/DSDetectorWaterTank.cc(20): Constructing WaterTank Geometry
Routine:src/DSDetectorNeutronVetoG3.cc(30): Constructing NeutronVetoG3 Geometry
Routine:src/DSDetectorNeutronVetoG3.cc(72):SteelVessel = 10000
Routine:src/DSDetectorNeutronVetoG3.cc(92):WaterBuffer = 10001
Routine:src/DSDetectorNeutronVetoG3.cc(109):AcrylicVessel = 10002
Routine:src/DSDetectorNeutronVetoG3.cc(165):Gd Scintillator in the DS20k neutron veto
Routine:src/DSDetectorNeutronVetoG3.cc(209):BoronScintillatorVolume = 10003
Routine:src/DSDetectorPMTNeutronVeto20k.cc(26): Constructing PMTNeutronVeto20k Geometry
Routine:src/DSDetectorDS20k.cc(45): Constructing DS20k Geometry
Routine:src/DSPhysicsList.cc(183):Livermore EM Physics List Active
Routine:src/DSLight3.cc(511): MeanQuantaEnergy: 1.95e-05
Routine:src/DSLight3.cc(515): S1ScaleFactor: 0.94116
Routine:src/DSLight3.cc(519): S2Yield: 273.2
Routine:src/DSLight3.cc(531): LindhardFactor: 0.25
Routine:src/DSLight3.cc(523): ExcitationRatioER: 0.21
Routine:src/DSLight3.cc(527): ExcitationRatioNR: 1
Routine:src/DSLight3.cc(535): PhotonEneMean: 9.69e-06
Routine:src/DSLight3.cc(539): PhotonEneWidth: 2.2e-07
Routine:src/DSLight3.cc(543): D_T: 4.8e-07
Routine:src/DSLight3.cc(547): D_L: 1.8e-06
Routine:src/DSLight3.cc(551): TauFast: 6
Routine:src/DSLight3.cc(555): TauSlow: 1600
Routine:src/DSLight3.cc(559): TauReco: 0.8
Routine:src/DSLight3.cc(563): TaueLAr: 1.58e+07
Routine:src/DSLight3.cc(511): MeanQuantaEnergy: 1.95e-05
Routine:src/DSLight3.cc(515): S1ScaleFactor: 0.94116
Routine:src/DSLight3.cc(519): S2Yield: 273.2
Routine:src/DSLight3.cc(531): LindhardFactor: 0.25
Routine:src/DSLight3.cc(523): ExcitationRatioER: 0.21
Routine:src/DSLight3.cc(527): ExcitationRatioNR: 1
Routine:src/DSLight3.cc(535): PhotonEneMean: 9.69e-06
Routine:src/DSLight3.cc(539): PhotonEneWidth: 2.2e-07
Routine:src/DSLight3.cc(543): D_T: 4.8e-07
Routine:src/DSLight3.cc(547): D_L: 1.8e-06
Routine:src/DSLight3.cc(551): TauFast: 6
Routine:src/DSLight3.cc(555): TauSlow: 1600
Routine:src/DSLight3.cc(559): TauReco: 0.8
Routine:src/DSLight3.cc(563): TaueLAr: 1.58e+07
Routine:src/DSLight3.cc(511): MeanQuantaEnergy: 1.95e-05
Routine:src/DSLight3.cc(515): S1ScaleFactor: 0.94116
Routine:src/DSLight3.cc(519): S2Yield: 273.2
Routine:src/DSLight3.cc(531): LindhardFactor: 0.25
Routine:src/DSLight3.cc(523): ExcitationRatioER: 0.21
Routine:src/DSLight3.cc(527): ExcitationRatioNR: 1
Routine:src/DSLight3.cc(535): PhotonEneMean: 9.69e-06
Routine:src/DSLight3.cc(539): PhotonEneWidth: 2.2e-07
Routine:src/DSLight3.cc(543): D_T: 4.8e-07
Routine:src/DSLight3.cc(547): D_L: 1.8e-06
Routine:src/DSLight3.cc(551): TauFast: 6
Routine:src/DSLight3.cc(555): TauSlow: 1600
Routine:src/DSLight3.cc(559): TauReco: 0.8
Routine:src/DSLight3.cc(563): TaueLAr: 1.58e+07
Routine:src/DSPhysicsList.cc(208):Ion Physics List Active
Routine:src/DSPhysicsList.cc(1115): Process Map Table - Index: 1091 ; Process Name: Transportation
Routine:src/DSPhysicsList.cc(1115): Process Map Table - Index: 2010 ; Process Name: msc
Routine:src/DSPhysicsList.cc(1115): Process Map Table - Index: 2002 ; Process Name: hIoni
Routine:src/DSPhysicsList.cc(1115): Process Map Table - Index: 2008 ; Process Name: nuclearStopping
Routine:src/DSPhysicsList.cc(1115): Process Map Table - Index: 8999 ; Process Name: DSLight3
Routine:src/DSPhysicsList.cc(1115): Process Map Table - Index: 6201 ; Process Name: Decay
Routine:src/DSPhysicsList.cc(1115): Process Map Table - Index: 6210 ; Process Name: RadioactiveDecay
Routine:src/DSPhysicsList.cc(1115): Process Map Table - Index: 4121 ; Process Name: ionInelastic
Routine:src/DSPhysicsList.cc(1115): Process Map Table - Index: 1999 ; Process Name: DSLScintillation
Routine:src/DSPhysicsList.cc(1115): Process Map Table - Index: 4111 ; Process Name: hadElastic
Routine:src/DSPhysicsList.cc(1115): Process Map Table - Index: 2003 ; Process Name: hBrems
Routine:src/DSPhysicsList.cc(1115): Process Map Table - Index: 2004 ; Process Name: hPairProd
Routine:src/DSPhysicsList.cc(1115): Process Map Table - Index: 4151 ; Process Name: hFritiofCaptureAtRest
Routine:src/DSPhysicsList.cc(1115): Process Map Table - Index: 2005 ; Process Name: annihil
Routine:src/DSPhysicsList.cc(1115): Process Map Table - Index: 2001 ; Process Name: CoulombScat
Routine:src/DSPhysicsList.cc(1115): Process Map Table - Index: 2012 ; Process Name: phot
Routine:src/DSPhysicsList.cc(1115): Process Map Table - Index: 2013 ; Process Name: compt
Routine:src/DSPhysicsList.cc(1115): Process Map Table - Index: 2014 ; Process Name: conv
Routine:src/DSPhysicsList.cc(1115): Process Map Table - Index: 2011 ; Process Name: Rayl
Routine:src/DSPhysicsList.cc(1115): Process Map Table - Index: 4131 ; Process Name: nCapture
Routine:src/DSPhysicsList.cc(1115): Process Map Table - Index: 3031 ; Process Name: OpAbsorption
Routine:src/DSPhysicsList.cc(1115): Process Map Table - Index: 3033 ; Process Name: OpRayleigh
Routine:src/DSPhysicsList.cc(1115): Process Map Table - Index: 3034 ; Process Name: OpWLS
Routine:src/DSPhysicsList.cc(1115): Process Map Table - Index: 3032 ; Process Name: OpBoundary
Routine:src/DSPhysicsList.cc(1053): Default Physics Cut Set to 0.1 cm 
Routine:src/DSPrimaryGeneratorActionMessenger.cc(64):Generator: G4Gun
Routine:src/DSGeneratorG4Gun.cc(33):G4ParticleGun Constructed.
Routine:src/DSVGeneratorMessenger.cc(383):Random Energy File Name  = ../data/physics/U238Teflon.dat
Routine:src/DSRunAction.cc(82):********************
Routine:src/DSRunAction.cc(83):*** AUTOSEED OFF ***
Routine:src/DSRunAction.cc(84):********************
Routine:src/DSRunAction.cc(100):Random seed: 127667
Routine:src/DSRunAction.cc(112):Initialized Binary File: lsvDS20kLarAttempt_v1.fil
Routine:src/DSVGenerator.cc(171): Random spatial distribution activated 
Routine:src/DSEventAction.cc(134):>>> Event 0;  NPE = 0;  NPE/event = 0;  CPUTime/event = 0 s
Routine:src/DSIO.cc(109):Binary File Closed
